This file contains any messages produced by compilers while
running configure, to aid debugging if configure makes a mistake.

It was created by check_sap_health configure 1.0, which was
generated by GNU Autoconf 2.63.  Invocation command line was

  $ ./configure 

## --------- ##
## Platform. ##
## --------- ##

hostname = pbbmon1
uname -m = x86_64
uname -r = 2.6.32.12-0.7-default
uname -s = Linux
uname -v = #1 SMP 2010-05-20 11:14:20 +0200

/usr/bin/uname -p = unknown
/bin/uname -X     = unknown

/bin/arch              = x86_64
/usr/bin/arch -k       = unknown
/usr/convex/getsysinfo = unknown
/usr/bin/hostinfo      = unknown
/bin/machine           = unknown
/usr/bin/oslevel       = unknown
/bin/universe          = unknown

PATH: /omd/sites/pbbappmon/lib/perl5/bin
PATH: /omd/sites/pbbappmon/local/bin
PATH: /omd/sites/pbbappmon/bin
PATH: /omd/sites/pbbappmon/local/lib/perl5/bin
PATH: /omd/sites/pbbappmon/lib/perl5/bin
PATH: /omd/sites/pbbappmon/local/bin
PATH: /omd/sites/pbbappmon/bin
PATH: /omd/sites/pbbappmon/local/lib/perl5/bin
PATH: /omd/sites/pbbappmon/bin
PATH: /usr/local/bin
PATH: /usr/bin
PATH: /bin
PATH: /usr/bin/X11
PATH: /usr/X11R6/bin
PATH: /usr/games
PATH: /usr/lib/mit/bin
PATH: /usr/lib/mit/sbin


## ----------- ##
## Core tests. ##
## ----------- ##

configure:1827: checking for a BSD-compatible install
configure:1895: result: /usr/bin/install -c
configure:1906: checking whether build environment is sane
configure:1949: result: yes
configure:1974: checking for a thread-safe mkdir -p
configure:2013: result: /bin/mkdir -p
configure:2026: checking for gawk
configure:2042: found /usr/bin/gawk
configure:2053: result: gawk
configure:2064: checking whether make sets $(MAKE)
configure:2086: result: yes
configure:2265: checking how to create a pax tar archive
configure:2278: tar --version
tar (GNU tar) 1.20
Copyright (C) 2008 Free Software Foundation, Inc.
License GPLv3+: GNU GPL version 3 or later <http://gnu.org/licenses/gpl.html>
This is free software: you are free to change and redistribute it.
There is NO WARRANTY, to the extent permitted by law.

Written by John Gilmore and Jay Fenlason.
configure:2281: $? = 0
configure:2321: tardir=conftest.dir && eval tar --format=posix -chf - "$tardir" >conftest.tar
configure:2324: $? = 0
configure:2328: tar -xf - <conftest.tar
configure:2331: $? = 0
configure:2344: result: gnutar
configure:2357: checking build system type
configure:2375: result: x86_64-suse-linux-gnu
configure:2397: checking host system type
configure:2412: result: x86_64-suse-linux-gnu
configure:2454: checking for a BSD-compatible install
configure:2522: result: /usr/bin/install -c
configure:2535: checking whether make sets $(MAKE)
configure:2557: result: yes
configure:2570: checking for gawk
configure:2597: result: gawk
configure:2661: checking for sh
configure:2679: found /usr/bin/sh
configure:2691: result: /usr/bin/sh
configure:2701: checking for perl
configure:2719: found /usr/bin/perl
configure:2731: result: /usr/bin/perl
configure:2891: creating ./config.status

## ---------------------- ##
## Running config.status. ##
## ---------------------- ##

This file was extended by check_sap_health config.status 1.0, which was
generated by GNU Autoconf 2.63.  Invocation command line was

  CONFIG_FILES    = 
  CONFIG_HEADERS  = 
  CONFIG_LINKS    = 
  CONFIG_COMMANDS = 
  $ ./config.status 

on pbbmon1

config.status:682: creating Makefile
config.status:682: creating plugins-scripts/Makefile
config.status:682: creating plugins-scripts/subst

## ---------------- ##
## Cache variables. ##
## ---------------- ##

ac_cv_build=x86_64-suse-linux-gnu
ac_cv_env_build_alias_set=
ac_cv_env_build_alias_value=
ac_cv_env_host_alias_set=
ac_cv_env_host_alias_value=
ac_cv_env_target_alias_set=
ac_cv_env_target_alias_value=
ac_cv_host=x86_64-suse-linux-gnu
ac_cv_path_PERL=/usr/bin/perl
ac_cv_path_SH=/usr/bin/sh
ac_cv_path_install='/usr/bin/install -c'
ac_cv_path_mkdir=/bin/mkdir
ac_cv_prog_AWK=gawk
ac_cv_prog_make_make_set=yes
am_cv_prog_tar_pax=gnutar

## ----------------- ##
## Output variables. ##
## ----------------- ##

ACLOCAL='${SHELL} /omd/sites/pbbappmon/git/check_sap_health/missing --run aclocal-1.10'
AMTAR='${SHELL} /omd/sites/pbbappmon/git/check_sap_health/missing --run tar'
AUTOCONF='${SHELL} /omd/sites/pbbappmon/git/check_sap_health/missing --run autoconf'
AUTOHEADER='${SHELL} /omd/sites/pbbappmon/git/check_sap_health/missing --run autoheader'
AUTOMAKE='${SHELL} /omd/sites/pbbappmon/git/check_sap_health/missing --run automake-1.10'
AWK='gawk'
CYGPATH_W='echo'
DEFS='-DPACKAGE_NAME=\"check_sap_health\" -DPACKAGE_TARNAME=\"check_sap_health\" -DPACKAGE_VERSION=\"1.0\" -DPACKAGE_STRING=\"check_sap_health\ 1.0\" -DPACKAGE_BUGREPORT=\"\" -DPACKAGE=\"check_sap_health\" -DVERSION=\"1.0\"'
ECHO_C=''
ECHO_N='-n'
ECHO_T=''
EXTENDEDINFO='0'
INSTALL='/usr/bin/install -c'
INSTALL_DATA='${INSTALL} -m 644'
INSTALL_OPTS='-o nagios -g nagios'
INSTALL_PROGRAM='${INSTALL}'
INSTALL_SCRIPT='${INSTALL}'
INSTALL_STRIP_PROGRAM='$(install_sh) -c -s'
LIBOBJS=''
LIBS=''
LTLIBOBJS=''
MAKEINFO='${SHELL} /omd/sites/pbbappmon/git/check_sap_health/missing --run makeinfo'
MKDIR_P='/bin/mkdir -p'
PACKAGE='check_sap_health'
PACKAGE_BUGREPORT=''
PACKAGE_NAME='check_sap_health'
PACKAGE_STRING='check_sap_health 1.0'
PACKAGE_TARNAME='check_sap_health'
PACKAGE_VERSION='1.0'
PATH_SEPARATOR=':'
PERL='/usr/bin/perl'
RELEASE='1'
SET_MAKE=''
SH='/usr/bin/sh'
SHELL='/bin/sh'
STRIP=''
SUPPORT='Send email to gerhard.lausser@consol.de if you have questions\nregarding use of this software.\nPlease include version information with all correspondence (when possible,\nuse output from the --version option of the plugin itself).\n'
VERSION='1.0'
WARRANTY='This plugin comes with ABSOLUTELY NO WARRANTY. You may redistribute\ncopies of the plugin under the terms of the GNU General Public License.\nFor more information about these matters, see the file named COPYING.\n'
am__isrc=''
am__leading_dot='.'
am__tar='tar --format=posix -chf - "$$tardir"'
am__untar='tar -xf -'
bindir='${exec_prefix}/bin'
build='x86_64-suse-linux-gnu'
build_alias=''
build_cpu='x86_64'
build_os='linux-gnu'
build_vendor='suse'
datadir='${datarootdir}'
datarootdir='${prefix}/share'
docdir='${datarootdir}/doc/${PACKAGE_TARNAME}'
dvidir='${docdir}'
exec_prefix='${prefix}'
host='x86_64-suse-linux-gnu'
host_alias=''
host_cpu='x86_64'
host_os='linux-gnu'
host_vendor='suse'
htmldir='${docdir}'
includedir='${prefix}/include'
infodir='${datarootdir}/info'
install_sh='$(SHELL) /omd/sites/pbbappmon/git/check_sap_health/install-sh'
libdir='${exec_prefix}/lib'
libexecdir='${exec_prefix}/libexec'
localedir='${datarootdir}/locale'
localstatedir='${prefix}/var'
mandir='${datarootdir}/man'
mkdir_p='/bin/mkdir -p'
oldincludedir='/usr/include'
pdfdir='${docdir}'
prefix='/usr/local/nagios'
program_transform_name='s,x,x,'
psdir='${docdir}'
sbindir='${exec_prefix}/sbin'
sharedstatedir='${prefix}/com'
sysconfdir='${prefix}/etc'
target_alias=''
with_nagios_group='nagios'
with_nagios_user='nagios'

## ----------- ##
## confdefs.h. ##
## ----------- ##

#define PACKAGE_NAME "check_sap_health"
#define PACKAGE_TARNAME "check_sap_health"
#define PACKAGE_VERSION "1.0"
#define PACKAGE_STRING "check_sap_health 1.0"
#define PACKAGE_BUGREPORT ""
#define PACKAGE "check_sap_health"
#define VERSION "1.0"

configure: exit 0
